    [junit] Running org.apache.commons.codec.StringEncoderComparatorTest
    [junit] Tests run: 4, Failures: 0, Errors: 0, Skipped: 0, Time elapsed: 0.048 sec
    [junit] Running org.apache.commons.codec.binary.Base64Test
    [junit] Tests run: 13, Failures: 0, Errors: 0, Skipped: 0, Time elapsed: 0.044 sec
    [junit] Running org.apache.commons.codec.binary.BinaryCodecTest
    [junit] Tests run: 11, Failures: 0, Errors: 0, Skipped: 0, Time elapsed: 0.024 sec
    [junit] Running org.apache.commons.codec.binary.HexTest
    [junit] Tests run: 6, Failures: 0, Errors: 0, Skipped: 0, Time elapsed: 0.065 sec
    [junit] Running org.apache.commons.codec.digest.DigestUtilsTest
    [junit] Tests run: 6, Failures: 0, Errors: 0, Skipped: 0, Time elapsed: 0.213 sec
    [junit] Running org.apache.commons.codec.language.CaverphoneTest
    [junit] Tests run: 5, Failures: 0, Errors: 0, Skipped: 0, Time elapsed: 0.03 sec
    [junit] Running org.apache.commons.codec.language.DoubleMetaphoneTest
    [junit] Tests run: 11, Failures: 0, Errors: 0, Skipped: 0, Time elapsed: 0.036 sec
    [junit] Running org.apache.commons.codec.language.MetaphoneTest
    [junit] Tests run: 27, Failures: 0, Errors: 0, Skipped: 0, Time elapsed: 0.104 sec
    [junit] Running org.apache.commons.codec.language.RefinedSoundexTest
    [junit] Tests run: 5, Failures: 0, Errors: 0, Skipped: 0, Time elapsed: 0.018 sec
    [junit] Running org.apache.commons.codec.language.SoundexTest
    [junit] Tests run: 13, Failures: 0, Errors: 0, Skipped: 0, Time elapsed: 0.03 sec
    [junit] Running org.apache.commons.codec.net.BCodecTest
    [junit] Tests run: 9, Failures: 0, Errors: 0, Skipped: 0, Time elapsed: 0.032 sec
    [junit] Running org.apache.commons.codec.net.QCodecTest
    [junit] Tests run: 10, Failures: 0, Errors: 0, Skipped: 0, Time elapsed: 0.034 sec
    [junit] Running org.apache.commons.codec.net.QuotedPrintableCodecTest
    [junit] Tests run: 11, Failures: 0, Errors: 0, Skipped: 0, Time elapsed: 0.038 sec
    [junit] Running org.apache.commons.codec.net.RFC1522CodecTest
    [junit] Tests run: 2, Failures: 0, Errors: 0, Skipped: 0, Time elapsed: 0.015 sec
    [junit] Running org.apache.commons.codec.net.URLCodecTest
    [junit] Tests run: 12, Failures: 0, Errors: 0, Skipped: 0, Time elapsed: 0.035 sec
